Determining if the pthread_create exist failed with the following output:
Change Dir: /home/hellden/car_tracker_workspace/build/image_calibration/CMakeFiles/CMakeTmp

Run Build Command:"/usr/bin/make" "cmTC_da0b4/fast"
/usr/bin/make -f CMakeFiles/cmTC_da0b4.dir/build.make CMakeFiles/cmTC_da0b4.dir/build
make[1]: Entering directory '/home/hellden/car_tracker_workspace/build/image_calibration/CMakeFiles/CMakeTmp'
Building C object CMakeFiles/cmTC_da0b4.dir/CheckSymbolExists.c.o
/usr/bin/cc    -o CMakeFiles/cmTC_da0b4.dir/CheckSymbolExists.c.o   -c /home/hellden/car_tracker_workspace/build/image_calibration/CMakeFiles/CMakeTmp/CheckSymbolExists.c
Linking C executable cmTC_da0b4
/usr/bin/cmake -E cmake_link_script CMakeFiles/cmTC_da0b4.dir/link.txt --verbose=1
/usr/bin/cc      -rdynamic CMakeFiles/cmTC_da0b4.dir/CheckSymbolExists.c.o  -o cmTC_da0b4 
CMakeFiles/cmTC_da0b4.dir/CheckSymbolExists.c.o: In function `main':
CheckSymbolExists.c:(.text+0x1b): undefined reference to `pthread_create'
collect2: error: ld returned 1 exit status
CMakeFiles/cmTC_da0b4.dir/build.make:97: recipe for target 'cmTC_da0b4' failed
make[1]: *** [cmTC_da0b4] Error 1
make[1]: Leaving directory '/home/hellden/car_tracker_workspace/build/image_calibration/CMakeFiles/CMakeTmp'
Makefile:126: recipe for target 'cmTC_da0b4/fast' failed
make: *** [cmTC_da0b4/fast] Error 2

File /home/hellden/car_tracker_workspace/build/image_calibration/CMakeFiles/CMakeTmp/CheckSymbolExists.c:
/* */
#include <pthread.h>

int main(int argc, char** argv)
{
  (void)argv;
#ifndef pthread_create
  return ((int*)(&pthread_create))[argc];
#else
  (void)argc;
  return 0;
#endif
}

Determining if the function pthread_create exists in the pthreads failed with the following output:
Change Dir: /home/hellden/car_tracker_workspace/build/image_calibration/CMakeFiles/CMakeTmp

Run Build Command:"/usr/bin/make" "cmTC_79553/fast"
/usr/bin/make -f CMakeFiles/cmTC_79553.dir/build.make CMakeFiles/cmTC_79553.dir/build
make[1]: Entering directory '/home/hellden/car_tracker_workspace/build/image_calibration/CMakeFiles/CMakeTmp'
Building C object CMakeFiles/cmTC_79553.dir/CheckFunctionExists.c.o
/usr/bin/cc   -DCHECK_FUNCTION_EXISTS=pthread_create   -o CMakeFiles/cmTC_79553.dir/CheckFunctionExists.c.o   -c /usr/share/cmake-3.10/Modules/CheckFunctionExists.c
Linking C executable cmTC_79553
/usr/bin/cmake -E cmake_link_script CMakeFiles/cmTC_79553.dir/link.txt --verbose=1
/usr/bin/cc  -DCHECK_FUNCTION_EXISTS=pthread_create    -rdynamic CMakeFiles/cmTC_79553.dir/CheckFunctionExists.c.o  -o cmTC_79553 -lpthreads 
/usr/bin/ld: cannot find -lpthreads
collect2: error: ld returned 1 exit status
CMakeFiles/cmTC_79553.dir/build.make:97: recipe for target 'cmTC_79553' failed
make[1]: *** [cmTC_79553] Error 1
make[1]: Leaving directory '/home/hellden/car_tracker_workspace/build/image_calibration/CMakeFiles/CMakeTmp'
Makefile:126: recipe for target 'cmTC_79553/fast' failed
make: *** [cmTC_79553/fast] Error 2


